<?xml version="1.0" encoding="UTF-8"?>
<!-- Generated by org.testng.reporters.JUnitReportReporter -->
<testsuite hostname="LAPTOP-P24N88QV" failures="0" tests="3" name="test.day4" time="0.012" errors="0" timestamp="2022-03-25T12:25:16 IST" skipped="0">
  <testcase classname="test.day4" name="CarApiLoginLoan" time="0.009"/>
  <system-out/>
  <testcase classname="test.day4" name="CarMobLoginLoan" time="0.002"/>
  <system-out/>
  <testcase classname="test.day4" name="CarWebLoginLoan" time="0.001"/>
  <system-out/>
</testsuite> <!-- test.day4 -->
