<?xml version="1.0" encoding="UTF-8"?>
<!-- Generated by org.testng.reporters.JUnitReportReporter -->
<testsuite hostname="LAPTOP-P24N88QV" failures="0" tests="3" name="test.day3" time="0.004" errors="0" timestamp="2022-03-03T18:52:54 IST" skipped="0">
  <testcase classname="test.day3" name="CarMobLoan" time="0.001"/>
  <system-out/>
  <testcase classname="test.day3" name="CarApiLoan" time="0.001"/>
  <system-out/>
  <testcase classname="test.day3" name="CarWebLoan" time="0.002"/>
  <system-out/>
</testsuite> <!-- test.day3 -->
