<?xml version="1.0" encoding="UTF-8"?>
<!-- Generated by org.testng.reporters.JUnitReportReporter -->
<testsuite hostname="LAPTOP-P24N88QV" failures="0" tests="2" name="test.day2" time="0.006" errors="0" timestamp="2022-03-10T15:40:43 IST" skipped="0">
  <testcase classname="test.day2" name="loan" time="0.003"/>
  <system-out/>
  <testcase classname="test.day2" name="loan2" time="0.003"/>
  <system-out/>
</testsuite> <!-- test.day2 -->
