<?xml version="1.0" encoding="UTF-8"?>
<!-- Generated by org.testng.reporters.JUnitReportReporter -->
<testsuite hostname="LAPTOP-P24N88QV" failures="0" tests="2" name="test.day1" time="0.013" errors="0" timestamp="2022-03-10T15:40:43 IST" skipped="0">
  <testcase classname="test.day1" name="hello" time="0.009"/>
  <system-out/>
  <testcase classname="test.day1" name="hello2" time="0.004"/>
  <system-out/>
</testsuite> <!-- test.day1 -->
