<?xml version="1.0" encoding="UTF-8"?>
<!-- Generated by org.testng.reporters.JUnitReportReporter -->
<testsuite hostname="LAPTOP-P24N88QV" failures="0" tests="1" name="test.day4" time="0.002" errors="0" timestamp="2022-03-10T15:40:43 IST" skipped="0">
  <testcase classname="test.day4" name="CarMobLoginLoan" time="0.002"/>
  <system-out/>
</testsuite> <!-- test.day4 -->
